C51 COMPILER V9.52.0.0   PUBLIC                                                            01/28/2016 10:05:48 PAGE 1   


C51 COMPILER V9.52.0.0, COMPILATION OF MODULE PUBLIC
OBJECT MODULE PLACED IN .\debug\public.obj
COMPILER INVOKED BY: D:\Program Files (x86)\keil\C51\BIN\C51.EXE public.c OPTIMIZE(7,SPEED) BROWSE DEBUG OBJECTEXTEND PR
                    -INT(.\debug\public.lst) OBJECT(.\debug\public.obj)

line level    source

   1          /*******************************************************************************
   2          *文件名: public.c
   3          *作  者: 王文辉
   4          *单  位: 唐山智能电子有限公司
   5          *日  期: 2012-9-21
   6          *版  本: 实验版本
   7          *功能描述:
   8          *******************************************************************************/
   9          #include "public.h"


MODULE INFORMATION:   STATIC OVERLAYABLE
   CODE SIZE        =   ----    ----
   CONSTANT SIZE    =   ----    ----
   XDATA SIZE       =   ----    ----
   PDATA SIZE       =   ----    ----
   DATA SIZE        =   ----    ----
   IDATA SIZE       =   ----    ----
   BIT SIZE         =   ----    ----
END OF MODULE INFORMATION.


C51 COMPILATION COMPLETE.  0 WARNING(S),  0 ERROR(S)
